{"/Users/Student/Desktop/Tristan_Makers/week10/bank_tech_test/spec/unit_tests/account_interactionSpec.js":{"path":"/Users/Student/Desktop/Tristan_Makers/week10/bank_tech_test/spec/unit_tests/account_interactionSpec.js","s":{"1":1,"2":1,"3":1,"4":1,"5":1,"6":3,"7":3,"8":1,"9":1,"10":1,"11":1,"12":1,"13":1},"b":{},"f":{"1":1,"2":3,"3":1,"4":1,"5":1},"fnMap":{"1":{"name":"(anonymous_1)","line":5,"loc":{"start":{"line":5,"column":24},"end":{"line":5,"column":35}}},"2":{"name":"(anonymous_2)","line":8,"loc":{"start":{"line":8,"column":15},"end":{"line":8,"column":26}}},"3":{"name":"(anonymous_3)","line":13,"loc":{"start":{"line":13,"column":45},"end":{"line":13,"column":56}}},"4":{"name":"(anonymous_4)","line":17,"loc":{"start":{"line":17,"column":37},"end":{"line":17,"column":48}}},"5":{"name":"(anonymous_5)","line":21,"loc":{"start":{"line":21,"column":42},"end":{"line":21,"column":53}}}},"statementMap":{"1":{"start":{"line":2,"column":0},"end":{"line":2,"column":58}},"2":{"start":{"line":3,"column":0},"end":{"line":3,"column":34}},"3":{"start":{"line":5,"column":0},"end":{"line":26,"column":2}},"4":{"start":{"line":6,"column":4},"end":{"line":6,"column":19}},"5":{"start":{"line":8,"column":4},"end":{"line":11,"column":7}},"6":{"start":{"line":9,"column":8},"end":{"line":9,"column":35}},"7":{"start":{"line":10,"column":8},"end":{"line":10,"column":45}},"8":{"start":{"line":13,"column":4},"end":{"line":15,"column":6}},"9":{"start":{"line":14,"column":8},"end":{"line":14,"column":57}},"10":{"start":{"line":17,"column":4},"end":{"line":19,"column":6}},"11":{"start":{"line":18,"column":8},"end":{"line":18,"column":51}},"12":{"start":{"line":21,"column":4},"end":{"line":23,"column":6}},"13":{"start":{"line":22,"column":8},"end":{"line":22,"column":51}}},"branchMap":{}},"/Users/Student/Desktop/Tristan_Makers/week10/bank_tech_test/lib/account_interaction.js":{"path":"/Users/Student/Desktop/Tristan_Makers/week10/bank_tech_test/lib/account_interaction.js","s":{"1":1,"2":1,"3":3,"4":3,"5":3,"6":1,"7":1,"8":1,"9":1,"10":1,"11":1,"12":1},"b":{},"f":{"1":1,"2":3,"3":1,"4":1,"5":1},"fnMap":{"1":{"name":"(anonymous_1)","line":3,"loc":{"start":{"line":3,"column":1},"end":{"line":3,"column":19}}},"2":{"name":"Interaction","line":5,"loc":{"start":{"line":5,"column":4},"end":{"line":5,"column":42}}},"3":{"name":"(anonymous_3)","line":11,"loc":{"start":{"line":11,"column":36},"end":{"line":11,"column":47}}},"4":{"name":"(anonymous_4)","line":15,"loc":{"start":{"line":15,"column":38},"end":{"line":15,"column":49}}},"5":{"name":"(anonymous_5)","line":19,"loc":{"start":{"line":19,"column":39},"end":{"line":19,"column":50}}}},"statementMap":{"1":{"start":{"line":3,"column":0},"end":{"line":24,"column":8}},"2":{"start":{"line":5,"column":4},"end":{"line":9,"column":5}},"3":{"start":{"line":6,"column":8},"end":{"line":6,"column":32}},"4":{"start":{"line":7,"column":8},"end":{"line":7,"column":30}},"5":{"start":{"line":8,"column":8},"end":{"line":8,"column":31}},"6":{"start":{"line":11,"column":4},"end":{"line":13,"column":5}},"7":{"start":{"line":12,"column":8},"end":{"line":12,"column":25}},"8":{"start":{"line":15,"column":4},"end":{"line":17,"column":5}},"9":{"start":{"line":16,"column":8},"end":{"line":16,"column":27}},"10":{"start":{"line":19,"column":4},"end":{"line":21,"column":5}},"11":{"start":{"line":20,"column":8},"end":{"line":20,"column":28}},"12":{"start":{"line":23,"column":4},"end":{"line":23,"column":32}}},"branchMap":{}},"/Users/Student/Desktop/Tristan_Makers/week10/bank_tech_test/spec/unit_tests/accountSpec.js":{"path":"/Users/Student/Desktop/Tristan_Makers/week10/bank_tech_test/spec/unit_tests/accountSpec.js","s":{"1":1,"2":1,"3":1,"4":1,"5":1,"6":7,"7":1,"8":1,"9":1,"10":1,"11":1,"12":1,"13":1,"14":1,"15":1,"16":1,"17":1,"18":1,"19":1,"20":1,"21":1,"22":1,"23":1,"24":1},"b":{},"f":{"1":1,"2":4,"3":1,"4":1,"5":7,"6":1,"7":1,"8":1,"9":1,"10":1,"11":1,"12":1},"fnMap":{"1":{"name":"(anonymous_1)","line":4,"loc":{"start":{"line":4,"column":20},"end":{"line":4,"column":31}}},"2":{"name":"(anonymous_2)","line":9,"loc":{"start":{"line":9,"column":19},"end":{"line":9,"column":38}}},"3":{"name":"(anonymous_3)","line":14,"loc":{"start":{"line":14,"column":19},"end":{"line":14,"column":28}}},"4":{"name":"(anonymous_4)","line":18,"loc":{"start":{"line":18,"column":22},"end":{"line":18,"column":25}}},"5":{"name":"(anonymous_5)","line":23,"loc":{"start":{"line":23,"column":15},"end":{"line":23,"column":26}}},"6":{"name":"(anonymous_6)","line":27,"loc":{"start":{"line":27,"column":41},"end":{"line":27,"column":52}}},"7":{"name":"(anonymous_7)","line":31,"loc":{"start":{"line":31,"column":54},"end":{"line":31,"column":65}}},"8":{"name":"(anonymous_8)","line":35,"loc":{"start":{"line":35,"column":58},"end":{"line":35,"column":69}}},"9":{"name":"(anonymous_9)","line":40,"loc":{"start":{"line":40,"column":49},"end":{"line":40,"column":60}}},"10":{"name":"(anonymous_10)","line":45,"loc":{"start":{"line":45,"column":45},"end":{"line":45,"column":56}}},"11":{"name":"(anonymous_11)","line":50,"loc":{"start":{"line":50,"column":59},"end":{"line":50,"column":70}}},"12":{"name":"(anonymous_12)","line":55,"loc":{"start":{"line":55,"column":37},"end":{"line":55,"column":48}}}},"statementMap":{"1":{"start":{"line":2,"column":0},"end":{"line":2,"column":42}},"2":{"start":{"line":4,"column":0},"end":{"line":59,"column":2}},"3":{"start":{"line":6,"column":4},"end":{"line":6,"column":15}},"4":{"start":{"line":19,"column":12},"end":{"line":19,"column":38}},"5":{"start":{"line":23,"column":4},"end":{"line":25,"column":6}},"6":{"start":{"line":24,"column":8},"end":{"line":24,"column":61}},"7":{"start":{"line":27,"column":4},"end":{"line":29,"column":6}},"8":{"start":{"line":28,"column":8},"end":{"line":28,"column":47}},"9":{"start":{"line":31,"column":4},"end":{"line":33,"column":6}},"10":{"start":{"line":32,"column":8},"end":{"line":32,"column":47}},"11":{"start":{"line":35,"column":4},"end":{"line":38,"column":6}},"12":{"start":{"line":36,"column":8},"end":{"line":36,"column":28}},"13":{"start":{"line":37,"column":8},"end":{"line":37,"column":76}},"14":{"start":{"line":40,"column":4},"end":{"line":43,"column":6}},"15":{"start":{"line":41,"column":8},"end":{"line":41,"column":28}},"16":{"start":{"line":42,"column":8},"end":{"line":42,"column":48}},"17":{"start":{"line":45,"column":4},"end":{"line":48,"column":6}},"18":{"start":{"line":46,"column":8},"end":{"line":46,"column":27}},"19":{"start":{"line":47,"column":8},"end":{"line":47,"column":47}},"20":{"start":{"line":50,"column":4},"end":{"line":53,"column":6}},"21":{"start":{"line":51,"column":8},"end":{"line":51,"column":29}},"22":{"start":{"line":52,"column":8},"end":{"line":52,"column":76}},"23":{"start":{"line":55,"column":4},"end":{"line":57,"column":6}},"24":{"start":{"line":56,"column":8},"end":{"line":56,"column":69}}},"branchMap":{}},"/Users/Student/Desktop/Tristan_Makers/week10/bank_tech_test/lib/account.js":{"path":"/Users/Student/Desktop/Tristan_Makers/week10/bank_tech_test/lib/account.js","s":{"1":1,"2":1,"3":7,"4":7,"5":7,"6":7,"7":1,"8":3,"9":1,"10":3,"11":1,"12":2,"13":2,"14":1,"15":2,"16":2,"17":1,"18":1,"19":1,"20":1},"b":{},"f":{"1":1,"2":7,"3":3,"4":3,"5":2,"6":2,"7":1},"fnMap":{"1":{"name":"(anonymous_1)","line":3,"loc":{"start":{"line":3,"column":1},"end":{"line":3,"column":20}}},"2":{"name":"Account","line":5,"loc":{"start":{"line":5,"column":4},"end":{"line":5,"column":55}}},"3":{"name":"(anonymous_3)","line":12,"loc":{"start":{"line":12,"column":35},"end":{"line":12,"column":46}}},"4":{"name":"(anonymous_4)","line":16,"loc":{"start":{"line":16,"column":34},"end":{"line":16,"column":45}}},"5":{"name":"(anonymous_5)","line":20,"loc":{"start":{"line":20,"column":32},"end":{"line":20,"column":50}}},"6":{"name":"(anonymous_6)","line":25,"loc":{"start":{"line":25,"column":33},"end":{"line":25,"column":51}}},"7":{"name":"(anonymous_7)","line":30,"loc":{"start":{"line":30,"column":39},"end":{"line":30,"column":50}}}},"statementMap":{"1":{"start":{"line":3,"column":0},"end":{"line":36,"column":8}},"2":{"start":{"line":5,"column":4},"end":{"line":10,"column":5}},"3":{"start":{"line":6,"column":8},"end":{"line":6,"column":26}},"4":{"start":{"line":7,"column":8},"end":{"line":7,"column":26}},"5":{"start":{"line":8,"column":8},"end":{"line":8,"column":49}},"6":{"start":{"line":9,"column":8},"end":{"line":9,"column":45}},"7":{"start":{"line":12,"column":4},"end":{"line":14,"column":5}},"8":{"start":{"line":13,"column":8},"end":{"line":13,"column":28}},"9":{"start":{"line":16,"column":4},"end":{"line":18,"column":5}},"10":{"start":{"line":17,"column":8},"end":{"line":17,"column":27}},"11":{"start":{"line":20,"column":4},"end":{"line":23,"column":5}},"12":{"start":{"line":21,"column":8},"end":{"line":21,"column":33}},"13":{"start":{"line":22,"column":8},"end":{"line":22,"column":77}},"14":{"start":{"line":25,"column":4},"end":{"line":28,"column":5}},"15":{"start":{"line":26,"column":8},"end":{"line":26,"column":33}},"16":{"start":{"line":27,"column":8},"end":{"line":27,"column":79}},"17":{"start":{"line":30,"column":4},"end":{"line":33,"column":5}},"18":{"start":{"line":31,"column":8},"end":{"line":31,"column":63}},"19":{"start":{"line":32,"column":8},"end":{"line":32,"column":41}},"20":{"start":{"line":35,"column":4},"end":{"line":35,"column":28}}},"branchMap":{}},"/Users/Student/Desktop/Tristan_Makers/week10/bank_tech_test/spec/unit_tests/statementSpec.js":{"path":"/Users/Student/Desktop/Tristan_Makers/week10/bank_tech_test/spec/unit_tests/statementSpec.js","s":{"1":1,"2":1,"3":1,"4":1,"5":1,"6":2,"7":1,"8":3,"9":1,"10":2,"11":1,"12":1,"13":2,"14":1,"15":3,"16":1,"17":2,"18":1,"19":1,"20":1,"21":5,"22":1,"23":1,"24":1,"25":1,"26":1,"27":1,"28":1,"29":1,"30":1,"31":1,"32":1,"33":1,"34":1,"35":1,"36":1,"37":1,"38":1,"39":1},"b":{},"f":{"1":1,"2":1,"3":2,"4":3,"5":2,"6":1,"7":2,"8":3,"9":2,"10":5,"11":1,"12":1,"13":1,"14":1,"15":1},"fnMap":{"1":{"name":"(anonymous_1)","line":4,"loc":{"start":{"line":4,"column":21},"end":{"line":4,"column":32}}},"2":{"name":"Withdraw","line":7,"loc":{"start":{"line":7,"column":4},"end":{"line":7,"column":24}}},"3":{"name":"(anonymous_3)","line":8,"loc":{"start":{"line":8,"column":37},"end":{"line":8,"column":48}}},"4":{"name":"(anonymous_4)","line":11,"loc":{"start":{"line":11,"column":39},"end":{"line":11,"column":50}}},"5":{"name":"(anonymous_5)","line":14,"loc":{"start":{"line":14,"column":40},"end":{"line":14,"column":51}}},"6":{"name":"Deposit","line":19,"loc":{"start":{"line":19,"column":4},"end":{"line":19,"column":23}}},"7":{"name":"(anonymous_7)","line":20,"loc":{"start":{"line":20,"column":36},"end":{"line":20,"column":47}}},"8":{"name":"(anonymous_8)","line":23,"loc":{"start":{"line":23,"column":38},"end":{"line":23,"column":49}}},"9":{"name":"(anonymous_9)","line":26,"loc":{"start":{"line":26,"column":39},"end":{"line":26,"column":50}}},"10":{"name":"(anonymous_10)","line":34,"loc":{"start":{"line":34,"column":15},"end":{"line":34,"column":26}}},"11":{"name":"(anonymous_11)","line":38,"loc":{"start":{"line":38,"column":40},"end":{"line":38,"column":51}}},"12":{"name":"(anonymous_12)","line":43,"loc":{"start":{"line":43,"column":33},"end":{"line":43,"column":44}}},"13":{"name":"(anonymous_13)","line":48,"loc":{"start":{"line":48,"column":62},"end":{"line":48,"column":73}}},"14":{"name":"(anonymous_14)","line":54,"loc":{"start":{"line":54,"column":60},"end":{"line":54,"column":71}}},"15":{"name":"(anonymous_15)","line":60,"loc":{"start":{"line":60,"column":37},"end":{"line":60,"column":48}}}},"statementMap":{"1":{"start":{"line":2,"column":0},"end":{"line":2,"column":46}},"2":{"start":{"line":4,"column":0},"end":{"line":65,"column":2}},"3":{"start":{"line":5,"column":4},"end":{"line":5,"column":17}},"4":{"start":{"line":7,"column":4},"end":{"line":17,"column":5}},"5":{"start":{"line":8,"column":8},"end":{"line":10,"column":9}},"6":{"start":{"line":9,"column":12},"end":{"line":9,"column":55}},"7":{"start":{"line":11,"column":8},"end":{"line":13,"column":9}},"8":{"start":{"line":12,"column":12},"end":{"line":12,"column":22}},"9":{"start":{"line":14,"column":8},"end":{"line":16,"column":9}},"10":{"start":{"line":15,"column":12},"end":{"line":15,"column":21}},"11":{"start":{"line":19,"column":4},"end":{"line":29,"column":5}},"12":{"start":{"line":20,"column":8},"end":{"line":22,"column":9}},"13":{"start":{"line":21,"column":12},"end":{"line":21,"column":55}},"14":{"start":{"line":23,"column":8},"end":{"line":25,"column":9}},"15":{"start":{"line":24,"column":12},"end":{"line":24,"column":21}},"16":{"start":{"line":26,"column":8},"end":{"line":28,"column":9}},"17":{"start":{"line":27,"column":12},"end":{"line":27,"column":21}},"18":{"start":{"line":31,"column":4},"end":{"line":31,"column":32}},"19":{"start":{"line":32,"column":4},"end":{"line":32,"column":34}},"20":{"start":{"line":34,"column":4},"end":{"line":36,"column":6}},"21":{"start":{"line":35,"column":8},"end":{"line":35,"column":54}},"22":{"start":{"line":38,"column":4},"end":{"line":41,"column":6}},"23":{"start":{"line":39,"column":8},"end":{"line":39,"column":55}},"24":{"start":{"line":40,"column":8},"end":{"line":40,"column":62}},"25":{"start":{"line":43,"column":4},"end":{"line":46,"column":6}},"26":{"start":{"line":44,"column":8},"end":{"line":44,"column":55}},"27":{"start":{"line":45,"column":8},"end":{"line":45,"column":64}},"28":{"start":{"line":48,"column":4},"end":{"line":52,"column":6}},"29":{"start":{"line":49,"column":8},"end":{"line":49,"column":52}},"30":{"start":{"line":50,"column":8},"end":{"line":50,"column":41}},"31":{"start":{"line":51,"column":8},"end":{"line":51,"column":62}},"32":{"start":{"line":54,"column":4},"end":{"line":58,"column":6}},"33":{"start":{"line":55,"column":8},"end":{"line":55,"column":52}},"34":{"start":{"line":56,"column":8},"end":{"line":56,"column":39}},"35":{"start":{"line":57,"column":8},"end":{"line":57,"column":62}},"36":{"start":{"line":60,"column":4},"end":{"line":64,"column":6}},"37":{"start":{"line":61,"column":8},"end":{"line":61,"column":128}},"38":{"start":{"line":62,"column":8},"end":{"line":62,"column":34}},"39":{"start":{"line":63,"column":8},"end":{"line":63,"column":59}}},"branchMap":{}},"/Users/Student/Desktop/Tristan_Makers/week10/bank_tech_test/lib/statement.js":{"path":"/Users/Student/Desktop/Tristan_Makers/week10/bank_tech_test/lib/statement.js","s":{"1":1,"2":1,"3":5,"4":5,"5":1,"6":1,"7":2,"8":1,"9":1,"10":1,"11":3,"12":1,"13":4,"14":1,"15":5,"16":5,"17":5,"18":5,"19":1,"20":2,"21":1,"22":2,"23":1},"b":{"1":[1,1]},"f":{"1":1,"2":5,"3":1,"4":4,"5":5,"6":2,"7":2},"fnMap":{"1":{"name":"(anonymous_1)","line":3,"loc":{"start":{"line":3,"column":1},"end":{"line":3,"column":18}}},"2":{"name":"Statement","line":5,"loc":{"start":{"line":5,"column":4},"end":{"line":5,"column":43}}},"3":{"name":"(anonymous_3)","line":10,"loc":{"start":{"line":10,"column":41},"end":{"line":10,"column":52}}},"4":{"name":"(anonymous_4)","line":23,"loc":{"start":{"line":23,"column":44},"end":{"line":23,"column":55}}},"5":{"name":"(anonymous_5)","line":27,"loc":{"start":{"line":27,"column":37},"end":{"line":27,"column":52}}},"6":{"name":"(anonymous_6)","line":34,"loc":{"start":{"line":34,"column":40},"end":{"line":34,"column":57}}},"7":{"name":"(anonymous_7)","line":38,"loc":{"start":{"line":38,"column":39},"end":{"line":38,"column":56}}}},"statementMap":{"1":{"start":{"line":3,"column":0},"end":{"line":43,"column":8}},"2":{"start":{"line":5,"column":4},"end":{"line":8,"column":5}},"3":{"start":{"line":6,"column":8},"end":{"line":6,"column":40}},"4":{"start":{"line":7,"column":8},"end":{"line":7,"column":69}},"5":{"start":{"line":10,"column":4},"end":{"line":21,"column":5}},"6":{"start":{"line":11,"column":8},"end":{"line":17,"column":11}},"7":{"start":{"line":12,"column":12},"end":{"line":16,"column":13}},"8":{"start":{"line":13,"column":16},"end":{"line":13,"column":42}},"9":{"start":{"line":15,"column":16},"end":{"line":15,"column":41}},"10":{"start":{"line":18,"column":8},"end":{"line":20,"column":11}},"11":{"start":{"line":19,"column":12},"end":{"line":19,"column":29}},"12":{"start":{"line":23,"column":4},"end":{"line":25,"column":5}},"13":{"start":{"line":24,"column":8},"end":{"line":24,"column":35}},"14":{"start":{"line":27,"column":4},"end":{"line":32,"column":5}},"15":{"start":{"line":28,"column":8},"end":{"line":28,"column":70}},"16":{"start":{"line":29,"column":8},"end":{"line":29,"column":61}},"17":{"start":{"line":30,"column":8},"end":{"line":30,"column":38}},"18":{"start":{"line":31,"column":8},"end":{"line":31,"column":40}},"19":{"start":{"line":34,"column":4},"end":{"line":36,"column":5}},"20":{"start":{"line":35,"column":8},"end":{"line":35,"column":152}},"21":{"start":{"line":38,"column":4},"end":{"line":40,"column":5}},"22":{"start":{"line":39,"column":8},"end":{"line":39,"column":151}},"23":{"start":{"line":42,"column":4},"end":{"line":42,"column":30}}},"branchMap":{"1":{"line":12,"type":"if","locations":[{"start":{"line":12,"column":12},"end":{"line":12,"column":12}},{"start":{"line":12,"column":12},"end":{"line":12,"column":12}}]}}}}