{"/Users/Student/Desktop/Tristan_Makers/week10/bank_tech_test/spec/unit_tests/account_interactionSpec.js":{"path":"/Users/Student/Desktop/Tristan_Makers/week10/bank_tech_test/spec/unit_tests/account_interactionSpec.js","s":{"1":1,"2":1,"3":1,"4":1,"5":1,"6":3,"7":3,"8":1,"9":1,"10":1,"11":1,"12":1,"13":1},"b":{},"f":{"1":1,"2":3,"3":1,"4":1,"5":1},"fnMap":{"1":{"name":"(anonymous_1)","line":5,"loc":{"start":{"line":5,"column":24},"end":{"line":5,"column":35}}},"2":{"name":"(anonymous_2)","line":8,"loc":{"start":{"line":8,"column":15},"end":{"line":8,"column":26}}},"3":{"name":"(anonymous_3)","line":13,"loc":{"start":{"line":13,"column":45},"end":{"line":13,"column":56}}},"4":{"name":"(anonymous_4)","line":17,"loc":{"start":{"line":17,"column":37},"end":{"line":17,"column":48}}},"5":{"name":"(anonymous_5)","line":21,"loc":{"start":{"line":21,"column":42},"end":{"line":21,"column":53}}}},"statementMap":{"1":{"start":{"line":2,"column":0},"end":{"line":2,"column":58}},"2":{"start":{"line":3,"column":0},"end":{"line":3,"column":34}},"3":{"start":{"line":5,"column":0},"end":{"line":26,"column":2}},"4":{"start":{"line":6,"column":4},"end":{"line":6,"column":19}},"5":{"start":{"line":8,"column":4},"end":{"line":11,"column":7}},"6":{"start":{"line":9,"column":8},"end":{"line":9,"column":35}},"7":{"start":{"line":10,"column":8},"end":{"line":10,"column":45}},"8":{"start":{"line":13,"column":4},"end":{"line":15,"column":6}},"9":{"start":{"line":14,"column":8},"end":{"line":14,"column":57}},"10":{"start":{"line":17,"column":4},"end":{"line":19,"column":6}},"11":{"start":{"line":18,"column":8},"end":{"line":18,"column":51}},"12":{"start":{"line":21,"column":4},"end":{"line":23,"column":6}},"13":{"start":{"line":22,"column":8},"end":{"line":22,"column":51}}},"branchMap":{}},"/Users/Student/Desktop/Tristan_Makers/week10/bank_tech_test/src/account_interaction.js":{"path":"/Users/Student/Desktop/Tristan_Makers/week10/bank_tech_test/src/account_interaction.js","s":{"1":1,"2":1,"3":3,"4":3,"5":3,"6":1,"7":1,"8":1,"9":1,"10":1,"11":1,"12":1},"b":{},"f":{"1":1,"2":3,"3":1,"4":1,"5":1},"fnMap":{"1":{"name":"(anonymous_1)","line":3,"loc":{"start":{"line":3,"column":1},"end":{"line":3,"column":19}}},"2":{"name":"Interaction","line":5,"loc":{"start":{"line":5,"column":4},"end":{"line":5,"column":42}}},"3":{"name":"(anonymous_3)","line":11,"loc":{"start":{"line":11,"column":36},"end":{"line":11,"column":47}}},"4":{"name":"(anonymous_4)","line":15,"loc":{"start":{"line":15,"column":38},"end":{"line":15,"column":49}}},"5":{"name":"(anonymous_5)","line":19,"loc":{"start":{"line":19,"column":39},"end":{"line":19,"column":50}}}},"statementMap":{"1":{"start":{"line":3,"column":0},"end":{"line":24,"column":8}},"2":{"start":{"line":5,"column":4},"end":{"line":9,"column":5}},"3":{"start":{"line":6,"column":8},"end":{"line":6,"column":32}},"4":{"start":{"line":7,"column":8},"end":{"line":7,"column":30}},"5":{"start":{"line":8,"column":8},"end":{"line":8,"column":31}},"6":{"start":{"line":11,"column":4},"end":{"line":13,"column":5}},"7":{"start":{"line":12,"column":8},"end":{"line":12,"column":25}},"8":{"start":{"line":15,"column":4},"end":{"line":17,"column":5}},"9":{"start":{"line":16,"column":8},"end":{"line":16,"column":27}},"10":{"start":{"line":19,"column":4},"end":{"line":21,"column":5}},"11":{"start":{"line":20,"column":8},"end":{"line":20,"column":28}},"12":{"start":{"line":23,"column":4},"end":{"line":23,"column":32}}},"branchMap":{}},"/Users/Student/Desktop/Tristan_Makers/week10/bank_tech_test/spec/unit_tests/accountSpec.js":{"path":"/Users/Student/Desktop/Tristan_Makers/week10/bank_tech_test/spec/unit_tests/accountSpec.js","s":{"1":1,"2":1,"3":1,"4":1,"5":1,"6":7,"7":1,"8":1,"9":1,"10":1,"11":1,"12":1,"13":1,"14":1,"15":1,"16":1,"17":1,"18":1,"19":1,"20":1,"21":1,"22":1,"23":1,"24":1},"b":{},"f":{"1":1,"2":4,"3":1,"4":1,"5":7,"6":1,"7":1,"8":1,"9":1,"10":1,"11":1,"12":1},"fnMap":{"1":{"name":"(anonymous_1)","line":4,"loc":{"start":{"line":4,"column":20},"end":{"line":4,"column":31}}},"2":{"name":"(anonymous_2)","line":9,"loc":{"start":{"line":9,"column":19},"end":{"line":9,"column":38}}},"3":{"name":"(anonymous_3)","line":14,"loc":{"start":{"line":14,"column":19},"end":{"line":14,"column":28}}},"4":{"name":"(anonymous_4)","line":18,"loc":{"start":{"line":18,"column":22},"end":{"line":18,"column":25}}},"5":{"name":"(anonymous_5)","line":23,"loc":{"start":{"line":23,"column":15},"end":{"line":23,"column":26}}},"6":{"name":"(anonymous_6)","line":27,"loc":{"start":{"line":27,"column":41},"end":{"line":27,"column":52}}},"7":{"name":"(anonymous_7)","line":31,"loc":{"start":{"line":31,"column":54},"end":{"line":31,"column":65}}},"8":{"name":"(anonymous_8)","line":35,"loc":{"start":{"line":35,"column":58},"end":{"line":35,"column":69}}},"9":{"name":"(anonymous_9)","line":40,"loc":{"start":{"line":40,"column":49},"end":{"line":40,"column":60}}},"10":{"name":"(anonymous_10)","line":45,"loc":{"start":{"line":45,"column":45},"end":{"line":45,"column":56}}},"11":{"name":"(anonymous_11)","line":50,"loc":{"start":{"line":50,"column":59},"end":{"line":50,"column":70}}},"12":{"name":"(anonymous_12)","line":55,"loc":{"start":{"line":55,"column":37},"end":{"line":55,"column":48}}}},"statementMap":{"1":{"start":{"line":2,"column":0},"end":{"line":2,"column":42}},"2":{"start":{"line":4,"column":0},"end":{"line":59,"column":2}},"3":{"start":{"line":6,"column":4},"end":{"line":6,"column":15}},"4":{"start":{"line":19,"column":12},"end":{"line":19,"column":38}},"5":{"start":{"line":23,"column":4},"end":{"line":25,"column":6}},"6":{"start":{"line":24,"column":8},"end":{"line":24,"column":61}},"7":{"start":{"line":27,"column":4},"end":{"line":29,"column":6}},"8":{"start":{"line":28,"column":8},"end":{"line":28,"column":47}},"9":{"start":{"line":31,"column":4},"end":{"line":33,"column":6}},"10":{"start":{"line":32,"column":8},"end":{"line":32,"column":47}},"11":{"start":{"line":35,"column":4},"end":{"line":38,"column":6}},"12":{"start":{"line":36,"column":8},"end":{"line":36,"column":28}},"13":{"start":{"line":37,"column":8},"end":{"line":37,"column":76}},"14":{"start":{"line":40,"column":4},"end":{"line":43,"column":6}},"15":{"start":{"line":41,"column":8},"end":{"line":41,"column":28}},"16":{"start":{"line":42,"column":8},"end":{"line":42,"column":48}},"17":{"start":{"line":45,"column":4},"end":{"line":48,"column":6}},"18":{"start":{"line":46,"column":8},"end":{"line":46,"column":27}},"19":{"start":{"line":47,"column":8},"end":{"line":47,"column":47}},"20":{"start":{"line":50,"column":4},"end":{"line":53,"column":6}},"21":{"start":{"line":51,"column":8},"end":{"line":51,"column":29}},"22":{"start":{"line":52,"column":8},"end":{"line":52,"column":76}},"23":{"start":{"line":55,"column":4},"end":{"line":57,"column":6}},"24":{"start":{"line":56,"column":8},"end":{"line":56,"column":69}}},"branchMap":{}},"/Users/Student/Desktop/Tristan_Makers/week10/bank_tech_test/src/account.js":{"path":"/Users/Student/Desktop/Tristan_Makers/week10/bank_tech_test/src/account.js","s":{"1":1,"2":1,"3":1,"4":1,"5":7,"6":7,"7":7,"8":7,"9":1,"10":3,"11":1,"12":3,"13":1,"14":2,"15":2,"16":1,"17":2,"18":2,"19":1,"20":1,"21":1,"22":1},"b":{},"f":{"1":1,"2":7,"3":3,"4":3,"5":2,"6":2,"7":1},"fnMap":{"1":{"name":"(anonymous_1)","line":5,"loc":{"start":{"line":5,"column":1},"end":{"line":5,"column":20}}},"2":{"name":"Account","line":7,"loc":{"start":{"line":7,"column":4},"end":{"line":7,"column":81}}},"3":{"name":"(anonymous_3)","line":14,"loc":{"start":{"line":14,"column":35},"end":{"line":14,"column":46}}},"4":{"name":"(anonymous_4)","line":18,"loc":{"start":{"line":18,"column":34},"end":{"line":18,"column":45}}},"5":{"name":"(anonymous_5)","line":22,"loc":{"start":{"line":22,"column":32},"end":{"line":22,"column":50}}},"6":{"name":"(anonymous_6)","line":27,"loc":{"start":{"line":27,"column":33},"end":{"line":27,"column":51}}},"7":{"name":"(anonymous_7)","line":32,"loc":{"start":{"line":32,"column":39},"end":{"line":32,"column":50}}}},"statementMap":{"1":{"start":{"line":2,"column":0},"end":{"line":2,"column":53}},"2":{"start":{"line":3,"column":0},"end":{"line":3,"column":41}},"3":{"start":{"line":5,"column":0},"end":{"line":38,"column":8}},"4":{"start":{"line":7,"column":4},"end":{"line":12,"column":5}},"5":{"start":{"line":8,"column":8},"end":{"line":8,"column":26}},"6":{"start":{"line":9,"column":8},"end":{"line":9,"column":26}},"7":{"start":{"line":10,"column":8},"end":{"line":10,"column":49}},"8":{"start":{"line":11,"column":8},"end":{"line":11,"column":45}},"9":{"start":{"line":14,"column":4},"end":{"line":16,"column":5}},"10":{"start":{"line":15,"column":8},"end":{"line":15,"column":28}},"11":{"start":{"line":18,"column":4},"end":{"line":20,"column":5}},"12":{"start":{"line":19,"column":8},"end":{"line":19,"column":27}},"13":{"start":{"line":22,"column":4},"end":{"line":25,"column":5}},"14":{"start":{"line":23,"column":8},"end":{"line":23,"column":33}},"15":{"start":{"line":24,"column":8},"end":{"line":24,"column":77}},"16":{"start":{"line":27,"column":4},"end":{"line":30,"column":5}},"17":{"start":{"line":28,"column":8},"end":{"line":28,"column":33}},"18":{"start":{"line":29,"column":8},"end":{"line":29,"column":79}},"19":{"start":{"line":32,"column":4},"end":{"line":35,"column":5}},"20":{"start":{"line":33,"column":8},"end":{"line":33,"column":63}},"21":{"start":{"line":34,"column":8},"end":{"line":34,"column":41}},"22":{"start":{"line":37,"column":4},"end":{"line":37,"column":28}}},"branchMap":{}},"/Users/Student/Desktop/Tristan_Makers/week10/bank_tech_test/src/statement.js":{"path":"/Users/Student/Desktop/Tristan_Makers/week10/bank_tech_test/src/statement.js","s":{"1":1,"2":1,"3":6,"4":6,"5":1,"6":1,"7":1,"8":2,"9":1,"10":1,"11":1,"12":1,"13":4,"14":1,"15":2,"16":1,"17":2,"18":2,"19":0,"20":0,"21":0,"22":1,"23":5,"24":5,"25":5,"26":5,"27":1,"28":2,"29":1,"30":2,"31":1},"b":{"1":[1,1],"2":[2,0],"3":[0,0]},"f":{"1":1,"2":6,"3":1,"4":4,"5":2,"6":2,"7":5,"8":2,"9":2},"fnMap":{"1":{"name":"(anonymous_1)","line":3,"loc":{"start":{"line":3,"column":1},"end":{"line":3,"column":18}}},"2":{"name":"Statement","line":5,"loc":{"start":{"line":5,"column":4},"end":{"line":5,"column":43}}},"3":{"name":"(anonymous_3)","line":10,"loc":{"start":{"line":10,"column":41},"end":{"line":10,"column":52}}},"4":{"name":"(anonymous_4)","line":22,"loc":{"start":{"line":22,"column":44},"end":{"line":22,"column":55}}},"5":{"name":"(anonymous_5)","line":26,"loc":{"start":{"line":26,"column":44},"end":{"line":26,"column":67}}},"6":{"name":"sortByDate","line":30,"loc":{"start":{"line":30,"column":4},"end":{"line":30,"column":30}}},"7":{"name":"(anonymous_7)","line":37,"loc":{"start":{"line":37,"column":37},"end":{"line":37,"column":52}}},"8":{"name":"(anonymous_8)","line":44,"loc":{"start":{"line":44,"column":40},"end":{"line":44,"column":57}}},"9":{"name":"(anonymous_9)","line":48,"loc":{"start":{"line":48,"column":39},"end":{"line":48,"column":56}}}},"statementMap":{"1":{"start":{"line":3,"column":0},"end":{"line":53,"column":8}},"2":{"start":{"line":5,"column":4},"end":{"line":8,"column":5}},"3":{"start":{"line":6,"column":8},"end":{"line":6,"column":40}},"4":{"start":{"line":7,"column":8},"end":{"line":7,"column":69}},"5":{"start":{"line":10,"column":4},"end":{"line":20,"column":5}},"6":{"start":{"line":11,"column":8},"end":{"line":11,"column":75}},"7":{"start":{"line":12,"column":8},"end":{"line":18,"column":11}},"8":{"start":{"line":13,"column":12},"end":{"line":17,"column":13}},"9":{"start":{"line":14,"column":16},"end":{"line":14,"column":42}},"10":{"start":{"line":16,"column":16},"end":{"line":16,"column":41}},"11":{"start":{"line":19,"column":8},"end":{"line":19,"column":53}},"12":{"start":{"line":22,"column":4},"end":{"line":24,"column":5}},"13":{"start":{"line":23,"column":8},"end":{"line":23,"column":35}},"14":{"start":{"line":26,"column":4},"end":{"line":28,"column":5}},"15":{"start":{"line":27,"column":8},"end":{"line":27,"column":44}},"16":{"start":{"line":30,"column":4},"end":{"line":35,"column":7}},"17":{"start":{"line":31,"column":8},"end":{"line":31,"column":49}},"18":{"start":{"line":31,"column":39},"end":{"line":31,"column":49}},"19":{"start":{"line":32,"column":8},"end":{"line":32,"column":48}},"20":{"start":{"line":32,"column":39},"end":{"line":32,"column":48}},"21":{"start":{"line":34,"column":8},"end":{"line":34,"column":17}},"22":{"start":{"line":37,"column":4},"end":{"line":42,"column":5}},"23":{"start":{"line":38,"column":8},"end":{"line":38,"column":70}},"24":{"start":{"line":39,"column":8},"end":{"line":39,"column":61}},"25":{"start":{"line":40,"column":8},"end":{"line":40,"column":38}},"26":{"start":{"line":41,"column":8},"end":{"line":41,"column":40}},"27":{"start":{"line":44,"column":4},"end":{"line":46,"column":5}},"28":{"start":{"line":45,"column":8},"end":{"line":45,"column":152}},"29":{"start":{"line":48,"column":4},"end":{"line":50,"column":5}},"30":{"start":{"line":49,"column":8},"end":{"line":49,"column":151}},"31":{"start":{"line":52,"column":4},"end":{"line":52,"column":30}}},"branchMap":{"1":{"line":13,"type":"if","locations":[{"start":{"line":13,"column":12},"end":{"line":13,"column":12}},{"start":{"line":13,"column":12},"end":{"line":13,"column":12}}]},"2":{"line":31,"type":"if","locations":[{"start":{"line":31,"column":8},"end":{"line":31,"column":8}},{"start":{"line":31,"column":8},"end":{"line":31,"column":8}}]},"3":{"line":32,"type":"if","locations":[{"start":{"line":32,"column":8},"end":{"line":32,"column":8}},{"start":{"line":32,"column":8},"end":{"line":32,"column":8}}]}}},"/Users/Student/Desktop/Tristan_Makers/week10/bank_tech_test/spec/unit_tests/statementSpec.js":{"path":"/Users/Student/Desktop/Tristan_Makers/week10/bank_tech_test/spec/unit_tests/statementSpec.js","s":{"1":1,"2":1,"3":1,"4":1,"5":1,"6":4,"7":1,"8":3,"9":1,"10":2,"11":1,"12":1,"13":4,"14":1,"15":3,"16":1,"17":2,"18":1,"19":1,"20":1,"21":6,"22":1,"23":1,"24":1,"25":1,"26":1,"27":1,"28":1,"29":1,"30":1,"31":1,"32":1,"33":1,"34":1,"35":1,"36":1,"37":1,"38":1,"39":1,"40":1,"41":1},"b":{},"f":{"1":1,"2":1,"3":4,"4":3,"5":2,"6":1,"7":4,"8":3,"9":2,"10":6,"11":1,"12":1,"13":1,"14":1,"15":1,"16":1},"fnMap":{"1":{"name":"(anonymous_1)","line":4,"loc":{"start":{"line":4,"column":21},"end":{"line":4,"column":32}}},"2":{"name":"Withdraw","line":8,"loc":{"start":{"line":8,"column":4},"end":{"line":8,"column":24}}},"3":{"name":"(anonymous_3)","line":9,"loc":{"start":{"line":9,"column":37},"end":{"line":9,"column":48}}},"4":{"name":"(anonymous_4)","line":12,"loc":{"start":{"line":12,"column":39},"end":{"line":12,"column":50}}},"5":{"name":"(anonymous_5)","line":15,"loc":{"start":{"line":15,"column":40},"end":{"line":15,"column":51}}},"6":{"name":"Deposit","line":20,"loc":{"start":{"line":20,"column":4},"end":{"line":20,"column":23}}},"7":{"name":"(anonymous_7)","line":21,"loc":{"start":{"line":21,"column":36},"end":{"line":21,"column":47}}},"8":{"name":"(anonymous_8)","line":24,"loc":{"start":{"line":24,"column":38},"end":{"line":24,"column":49}}},"9":{"name":"(anonymous_9)","line":27,"loc":{"start":{"line":27,"column":39},"end":{"line":27,"column":50}}},"10":{"name":"(anonymous_10)","line":35,"loc":{"start":{"line":35,"column":15},"end":{"line":35,"column":26}}},"11":{"name":"(anonymous_11)","line":39,"loc":{"start":{"line":39,"column":40},"end":{"line":39,"column":51}}},"12":{"name":"(anonymous_12)","line":44,"loc":{"start":{"line":44,"column":33},"end":{"line":44,"column":44}}},"13":{"name":"(anonymous_13)","line":49,"loc":{"start":{"line":49,"column":62},"end":{"line":49,"column":73}}},"14":{"name":"(anonymous_14)","line":55,"loc":{"start":{"line":55,"column":60},"end":{"line":55,"column":71}}},"15":{"name":"(anonymous_15)","line":61,"loc":{"start":{"line":61,"column":50},"end":{"line":61,"column":61}}},"16":{"name":"(anonymous_16)","line":65,"loc":{"start":{"line":65,"column":71},"end":{"line":65,"column":82}}}},"statementMap":{"1":{"start":{"line":2,"column":0},"end":{"line":2,"column":46}},"2":{"start":{"line":4,"column":0},"end":{"line":70,"column":2}},"3":{"start":{"line":6,"column":4},"end":{"line":6,"column":17}},"4":{"start":{"line":8,"column":4},"end":{"line":18,"column":5}},"5":{"start":{"line":9,"column":8},"end":{"line":11,"column":9}},"6":{"start":{"line":10,"column":12},"end":{"line":10,"column":55}},"7":{"start":{"line":12,"column":8},"end":{"line":14,"column":9}},"8":{"start":{"line":13,"column":12},"end":{"line":13,"column":22}},"9":{"start":{"line":15,"column":8},"end":{"line":17,"column":9}},"10":{"start":{"line":16,"column":12},"end":{"line":16,"column":21}},"11":{"start":{"line":20,"column":4},"end":{"line":30,"column":5}},"12":{"start":{"line":21,"column":8},"end":{"line":23,"column":9}},"13":{"start":{"line":22,"column":12},"end":{"line":22,"column":55}},"14":{"start":{"line":24,"column":8},"end":{"line":26,"column":9}},"15":{"start":{"line":25,"column":12},"end":{"line":25,"column":21}},"16":{"start":{"line":27,"column":8},"end":{"line":29,"column":9}},"17":{"start":{"line":28,"column":12},"end":{"line":28,"column":21}},"18":{"start":{"line":32,"column":4},"end":{"line":32,"column":32}},"19":{"start":{"line":33,"column":4},"end":{"line":33,"column":34}},"20":{"start":{"line":35,"column":4},"end":{"line":37,"column":6}},"21":{"start":{"line":36,"column":8},"end":{"line":36,"column":54}},"22":{"start":{"line":39,"column":4},"end":{"line":42,"column":6}},"23":{"start":{"line":40,"column":8},"end":{"line":40,"column":55}},"24":{"start":{"line":41,"column":8},"end":{"line":41,"column":62}},"25":{"start":{"line":44,"column":4},"end":{"line":47,"column":6}},"26":{"start":{"line":45,"column":8},"end":{"line":45,"column":55}},"27":{"start":{"line":46,"column":8},"end":{"line":46,"column":64}},"28":{"start":{"line":49,"column":4},"end":{"line":53,"column":6}},"29":{"start":{"line":50,"column":8},"end":{"line":50,"column":52}},"30":{"start":{"line":51,"column":8},"end":{"line":51,"column":41}},"31":{"start":{"line":52,"column":8},"end":{"line":52,"column":62}},"32":{"start":{"line":55,"column":4},"end":{"line":59,"column":6}},"33":{"start":{"line":56,"column":8},"end":{"line":56,"column":52}},"34":{"start":{"line":57,"column":8},"end":{"line":57,"column":39}},"35":{"start":{"line":58,"column":8},"end":{"line":58,"column":62}},"36":{"start":{"line":61,"column":4},"end":{"line":63,"column":6}},"37":{"start":{"line":62,"column":8},"end":{"line":62,"column":93}},"38":{"start":{"line":65,"column":4},"end":{"line":69,"column":6}},"39":{"start":{"line":66,"column":8},"end":{"line":66,"column":128}},"40":{"start":{"line":67,"column":8},"end":{"line":67,"column":34}},"41":{"start":{"line":68,"column":8},"end":{"line":68,"column":59}}},"branchMap":{}}}