TN:
SF:/Users/Student/Desktop/Tristan_Makers/week10/bank_tech_test/spec/unit_tests/account_interactionSpec.js
FN:5,(anonymous_1)
FN:8,(anonymous_2)
FN:13,(anonymous_3)
FN:17,(anonymous_4)
FN:21,(anonymous_5)
FNF:5
FNH:5
FNDA:1,(anonymous_1)
FNDA:3,(anonymous_2)
FNDA:1,(anonymous_3)
FNDA:1,(anonymous_4)
FNDA:1,(anonymous_5)
DA:2,1
DA:3,1
DA:5,1
DA:6,1
DA:8,1
DA:9,3
DA:10,3
DA:13,1
DA:14,1
DA:17,1
DA:18,1
DA:21,1
DA:22,1
LF:13
LH:13
BRF:0
BRH:0
end_of_record
TN:
SF:/Users/Student/Desktop/Tristan_Makers/week10/bank_tech_test/lib/account_interaction.js
FN:3,(anonymous_1)
FN:5,Interaction
FN:11,(anonymous_3)
FN:15,(anonymous_4)
FN:19,(anonymous_5)
FNF:5
FNH:5
FNDA:1,(anonymous_1)
FNDA:3,Interaction
FNDA:1,(anonymous_3)
FNDA:1,(anonymous_4)
FNDA:1,(anonymous_5)
DA:3,1
DA:5,1
DA:6,3
DA:7,3
DA:8,3
DA:11,1
DA:12,1
DA:15,1
DA:16,1
DA:19,1
DA:20,1
DA:23,1
LF:12
LH:12
BRF:0
BRH:0
end_of_record
TN:
SF:/Users/Student/Desktop/Tristan_Makers/week10/bank_tech_test/spec/unit_tests/accountSpec.js
FN:4,(anonymous_1)
FN:9,(anonymous_2)
FN:13,(anonymous_3)
FN:17,(anonymous_4)
FN:21,(anonymous_5)
FN:25,(anonymous_6)
FN:30,(anonymous_7)
FN:35,(anonymous_8)
FN:40,(anonymous_9)
FNF:9
FNH:9
FNDA:1,(anonymous_1)
FNDA:4,(anonymous_2)
FNDA:6,(anonymous_3)
FNDA:1,(anonymous_4)
FNDA:1,(anonymous_5)
FNDA:1,(anonymous_6)
FNDA:1,(anonymous_7)
FNDA:1,(anonymous_8)
FNDA:1,(anonymous_9)
DA:2,1
DA:4,1
DA:6,1
DA:13,1
DA:14,6
DA:17,1
DA:18,1
DA:21,1
DA:22,1
DA:25,1
DA:26,1
DA:27,1
DA:30,1
DA:31,1
DA:32,1
DA:35,1
DA:36,1
DA:37,1
DA:40,1
DA:41,1
DA:42,1
LF:21
LH:21
BRF:0
BRH:0
end_of_record
TN:
SF:/Users/Student/Desktop/Tristan_Makers/week10/bank_tech_test/lib/account.js
FN:3,(anonymous_1)
FN:5,Account
FN:12,(anonymous_3)
FN:16,(anonymous_4)
FN:20,(anonymous_5)
FN:25,(anonymous_6)
FN:30,(anonymous_7)
FNF:7
FNH:6
FNDA:1,(anonymous_1)
FNDA:6,Account
FNDA:3,(anonymous_3)
FNDA:3,(anonymous_4)
FNDA:2,(anonymous_5)
FNDA:2,(anonymous_6)
FNDA:0,(anonymous_7)
DA:3,1
DA:5,1
DA:6,6
DA:7,6
DA:8,6
DA:9,6
DA:12,1
DA:13,3
DA:16,1
DA:17,3
DA:20,1
DA:21,2
DA:22,2
DA:25,1
DA:26,2
DA:27,2
DA:30,1
DA:31,0
DA:32,0
DA:35,1
LF:20
LH:18
BRF:0
BRH:0
end_of_record
TN:
SF:/Users/Student/Desktop/Tristan_Makers/week10/bank_tech_test/spec/unit_tests/statementSpec.js
FN:4,(anonymous_1)
FN:7,Withdraw
FN:8,(anonymous_3)
FN:11,(anonymous_4)
FN:14,(anonymous_5)
FN:19,Deposit
FN:20,(anonymous_7)
FN:23,(anonymous_8)
FN:26,(anonymous_9)
FN:34,(anonymous_10)
FN:38,(anonymous_11)
FN:43,(anonymous_12)
FN:48,(anonymous_13)
FN:54,(anonymous_14)
FN:60,(anonymous_15)
FNF:15
FNH:15
FNDA:1,(anonymous_1)
FNDA:1,Withdraw
FNDA:2,(anonymous_3)
FNDA:3,(anonymous_4)
FNDA:2,(anonymous_5)
FNDA:1,Deposit
FNDA:2,(anonymous_7)
FNDA:3,(anonymous_8)
FNDA:2,(anonymous_9)
FNDA:5,(anonymous_10)
FNDA:1,(anonymous_11)
FNDA:1,(anonymous_12)
FNDA:1,(anonymous_13)
FNDA:1,(anonymous_14)
FNDA:1,(anonymous_15)
DA:2,1
DA:4,1
DA:5,1
DA:7,1
DA:8,1
DA:9,2
DA:11,1
DA:12,3
DA:14,1
DA:15,2
DA:19,1
DA:20,1
DA:21,2
DA:23,1
DA:24,3
DA:26,1
DA:27,2
DA:31,1
DA:32,1
DA:34,1
DA:35,5
DA:38,1
DA:39,1
DA:40,1
DA:43,1
DA:44,1
DA:45,1
DA:48,1
DA:49,1
DA:50,1
DA:51,1
DA:54,1
DA:55,1
DA:56,1
DA:57,1
DA:60,1
DA:61,1
DA:62,1
DA:63,1
LF:39
LH:39
BRF:0
BRH:0
end_of_record
TN:
SF:/Users/Student/Desktop/Tristan_Makers/week10/bank_tech_test/lib/statement.js
FN:3,(anonymous_1)
FN:5,Statement
FN:10,(anonymous_3)
FN:23,(anonymous_4)
FN:27,(anonymous_5)
FN:34,(anonymous_6)
FN:38,(anonymous_7)
FNF:7
FNH:7
FNDA:1,(anonymous_1)
FNDA:5,Statement
FNDA:1,(anonymous_3)
FNDA:4,(anonymous_4)
FNDA:5,(anonymous_5)
FNDA:2,(anonymous_6)
FNDA:2,(anonymous_7)
DA:3,1
DA:5,1
DA:6,5
DA:7,5
DA:10,1
DA:11,1
DA:12,2
DA:13,1
DA:15,1
DA:18,1
DA:19,3
DA:23,1
DA:24,4
DA:27,1
DA:28,5
DA:29,5
DA:30,5
DA:31,5
DA:34,1
DA:35,2
DA:38,1
DA:39,2
DA:42,1
LF:23
LH:23
BRDA:12,1,0,1
BRDA:12,1,1,1
BRF:2
BRH:2
end_of_record
