TN:
SF:/Users/Student/Desktop/Tristan_Makers/week10/bank_tech_test/spec/unit_tests/account_interactionSpec.js
FN:5,(anonymous_1)
FN:8,(anonymous_2)
FN:13,(anonymous_3)
FN:17,(anonymous_4)
FN:21,(anonymous_5)
FNF:5
FNH:5
FNDA:1,(anonymous_1)
FNDA:3,(anonymous_2)
FNDA:1,(anonymous_3)
FNDA:1,(anonymous_4)
FNDA:1,(anonymous_5)
DA:2,1
DA:3,1
DA:5,1
DA:6,1
DA:8,1
DA:9,3
DA:10,3
DA:13,1
DA:14,1
DA:17,1
DA:18,1
DA:21,1
DA:22,1
LF:13
LH:13
BRF:0
BRH:0
end_of_record
TN:
SF:/Users/Student/Desktop/Tristan_Makers/week10/bank_tech_test/src/account_interaction.js
FN:3,(anonymous_1)
FN:5,Interaction
FN:11,(anonymous_3)
FN:15,(anonymous_4)
FN:19,(anonymous_5)
FNF:5
FNH:5
FNDA:1,(anonymous_1)
FNDA:3,Interaction
FNDA:1,(anonymous_3)
FNDA:1,(anonymous_4)
FNDA:1,(anonymous_5)
DA:3,1
DA:5,1
DA:6,3
DA:7,3
DA:8,3
DA:11,1
DA:12,1
DA:15,1
DA:16,1
DA:19,1
DA:20,1
DA:23,1
LF:12
LH:12
BRF:0
BRH:0
end_of_record
TN:
SF:/Users/Student/Desktop/Tristan_Makers/week10/bank_tech_test/spec/unit_tests/accountSpec.js
FN:4,(anonymous_1)
FN:9,(anonymous_2)
FN:14,(anonymous_3)
FN:18,(anonymous_4)
FN:23,(anonymous_5)
FN:27,(anonymous_6)
FN:31,(anonymous_7)
FN:35,(anonymous_8)
FN:40,(anonymous_9)
FN:45,(anonymous_10)
FN:50,(anonymous_11)
FN:55,(anonymous_12)
FNF:12
FNH:12
FNDA:1,(anonymous_1)
FNDA:4,(anonymous_2)
FNDA:1,(anonymous_3)
FNDA:1,(anonymous_4)
FNDA:7,(anonymous_5)
FNDA:1,(anonymous_6)
FNDA:1,(anonymous_7)
FNDA:1,(anonymous_8)
FNDA:1,(anonymous_9)
FNDA:1,(anonymous_10)
FNDA:1,(anonymous_11)
FNDA:1,(anonymous_12)
DA:2,1
DA:4,1
DA:6,1
DA:19,1
DA:23,1
DA:24,7
DA:27,1
DA:28,1
DA:31,1
DA:32,1
DA:35,1
DA:36,1
DA:37,1
DA:40,1
DA:41,1
DA:42,1
DA:45,1
DA:46,1
DA:47,1
DA:50,1
DA:51,1
DA:52,1
DA:55,1
DA:56,1
LF:24
LH:24
BRF:0
BRH:0
end_of_record
TN:
SF:/Users/Student/Desktop/Tristan_Makers/week10/bank_tech_test/src/account.js
FN:5,(anonymous_1)
FN:7,Account
FN:14,(anonymous_3)
FN:18,(anonymous_4)
FN:22,(anonymous_5)
FN:27,(anonymous_6)
FN:32,(anonymous_7)
FNF:7
FNH:7
FNDA:1,(anonymous_1)
FNDA:7,Account
FNDA:3,(anonymous_3)
FNDA:3,(anonymous_4)
FNDA:2,(anonymous_5)
FNDA:2,(anonymous_6)
FNDA:1,(anonymous_7)
DA:2,1
DA:3,1
DA:5,1
DA:7,1
DA:8,7
DA:9,7
DA:10,7
DA:11,7
DA:14,1
DA:15,3
DA:18,1
DA:19,3
DA:22,1
DA:23,2
DA:24,2
DA:27,1
DA:28,2
DA:29,2
DA:32,1
DA:33,1
DA:34,1
DA:37,1
LF:22
LH:22
BRF:0
BRH:0
end_of_record
TN:
SF:/Users/Student/Desktop/Tristan_Makers/week10/bank_tech_test/src/statement.js
FN:3,(anonymous_1)
FN:5,Statement
FN:10,(anonymous_3)
FN:22,(anonymous_4)
FN:26,(anonymous_5)
FN:30,sortByDate
FN:37,(anonymous_7)
FN:44,(anonymous_8)
FN:48,(anonymous_9)
FNF:9
FNH:9
FNDA:1,(anonymous_1)
FNDA:6,Statement
FNDA:1,(anonymous_3)
FNDA:4,(anonymous_4)
FNDA:2,(anonymous_5)
FNDA:2,sortByDate
FNDA:5,(anonymous_7)
FNDA:2,(anonymous_8)
FNDA:2,(anonymous_9)
DA:3,1
DA:5,1
DA:6,6
DA:7,6
DA:10,1
DA:11,1
DA:12,1
DA:13,2
DA:14,1
DA:16,1
DA:19,1
DA:22,1
DA:23,4
DA:26,1
DA:27,2
DA:30,1
DA:31,2
DA:32,0
DA:34,0
DA:37,1
DA:38,5
DA:39,5
DA:40,5
DA:41,5
DA:44,1
DA:45,2
DA:48,1
DA:49,2
DA:52,1
LF:29
LH:27
BRDA:13,1,0,1
BRDA:13,1,1,1
BRDA:31,2,0,2
BRDA:31,2,1,0
BRDA:32,3,0,0
BRDA:32,3,1,0
BRF:6
BRH:3
end_of_record
TN:
SF:/Users/Student/Desktop/Tristan_Makers/week10/bank_tech_test/spec/unit_tests/statementSpec.js
FN:4,(anonymous_1)
FN:8,Withdraw
FN:9,(anonymous_3)
FN:12,(anonymous_4)
FN:15,(anonymous_5)
FN:20,Deposit
FN:21,(anonymous_7)
FN:24,(anonymous_8)
FN:27,(anonymous_9)
FN:35,(anonymous_10)
FN:39,(anonymous_11)
FN:44,(anonymous_12)
FN:49,(anonymous_13)
FN:55,(anonymous_14)
FN:61,(anonymous_15)
FN:65,(anonymous_16)
FNF:16
FNH:16
FNDA:1,(anonymous_1)
FNDA:1,Withdraw
FNDA:4,(anonymous_3)
FNDA:3,(anonymous_4)
FNDA:2,(anonymous_5)
FNDA:1,Deposit
FNDA:4,(anonymous_7)
FNDA:3,(anonymous_8)
FNDA:2,(anonymous_9)
FNDA:6,(anonymous_10)
FNDA:1,(anonymous_11)
FNDA:1,(anonymous_12)
FNDA:1,(anonymous_13)
FNDA:1,(anonymous_14)
FNDA:1,(anonymous_15)
FNDA:1,(anonymous_16)
DA:2,1
DA:4,1
DA:6,1
DA:8,1
DA:9,1
DA:10,4
DA:12,1
DA:13,3
DA:15,1
DA:16,2
DA:20,1
DA:21,1
DA:22,4
DA:24,1
DA:25,3
DA:27,1
DA:28,2
DA:32,1
DA:33,1
DA:35,1
DA:36,6
DA:39,1
DA:40,1
DA:41,1
DA:44,1
DA:45,1
DA:46,1
DA:49,1
DA:50,1
DA:51,1
DA:52,1
DA:55,1
DA:56,1
DA:57,1
DA:58,1
DA:61,1
DA:62,1
DA:65,1
DA:66,1
DA:67,1
DA:68,1
LF:41
LH:41
BRF:0
BRH:0
end_of_record
